<?xml version="1.0" encoding="UTF-8"?>
<!-- Generated by org.testng.reporters.JUnitXMLReporter -->
<testsuite hostname="ASUS-UX430-NG" ignored="0" name="Testing TechVerito QA Problem" tests="7" failures="0" timestamp="22 May 2021 03:36:40 GMT" time="0.05" errors="0">
  <testcase name="@BeforeSuite setup" time="13.024" classname="genericMethods.BaseClass">
    <failure type="java.lang.IllegalStateException" message="The path to the driver executable must be set by the webdriver.ie.driver system property; for more information, see https://github.com/SeleniumHQ/selenium/wiki/InternetExplorerDriver. The latest version can be downloaded from http://selenium-release.storage.googleapis.com/index.html">
      <![CDATA[java.lang.IllegalStateException: The path to the driver executable must be set by the webdriver.ie.driver system property; for more information, see https://github.com/SeleniumHQ/selenium/wiki/InternetExplorerDriver. The latest version can be downloaded from http://selenium-release.storage.googleapis.com/index.html
at com.google.common.base.Preconditions.checkState(Preconditions.java:847)
at org.openqa.selenium.remote.service.DriverService.findExecutable(DriverService.java:134)
at org.openqa.selenium.ie.InternetExplorerDriverService.access$000(InternetExplorerDriverService.java:35)
at org.openqa.selenium.ie.InternetExplorerDriverService$Builder.findDefaultExecutable(InternetExplorerDriverService.java:175)
at org.openqa.selenium.remote.service.DriverService$Builder.build(DriverService.java:355)
at org.openqa.selenium.ie.InternetExplorerDriver.setupService(InternetExplorerDriver.java:281)
at org.openqa.selenium.ie.InternetExplorerDriver.<init>(InternetExplorerDriver.java:211)
at org.openqa.selenium.ie.InternetExplorerDriver.<init>(InternetExplorerDriver.java:150)
at genericMethods.LocalBrowserFactory.createInstance(LocalBrowserFactory.java:17)
at genericMethods.BaseClass.setup(BaseClass.java:23)
... Removed 20 stack frames]]>
    </failure>
  </testcase> <!-- @BeforeSuite setup -->
  <testcase name="@BeforeMethod login" time="0.0" classname="genericMethods.BaseClass">
    <skipped/>
  </testcase> <!-- @BeforeMethod login -->
  <testcase name="@AfterMethod logout" time="0.0" classname="genericMethods.BaseClass">
    <skipped/>
  </testcase> <!-- @AfterMethod logout -->
  <testcase name="@BeforeMethod login" time="0.0" classname="genericMethods.BaseClass">
    <skipped/>
  </testcase> <!-- @BeforeMethod login -->
  <testcase name="@AfterMethod logout" time="0.0" classname="genericMethods.BaseClass">
    <skipped/>
  </testcase> <!-- @AfterMethod logout -->
  <testcase name="@BeforeMethod login" time="0.0" classname="genericMethods.BaseClass">
    <skipped/>
  </testcase> <!-- @BeforeMethod login -->
  <testcase name="@AfterMethod logout" time="0.0" classname="genericMethods.BaseClass">
    <skipped/>
  </testcase> <!-- @AfterMethod logout -->
  <testcase name="@BeforeMethod login" time="0.0" classname="genericMethods.BaseClass">
    <skipped/>
  </testcase> <!-- @BeforeMethod login -->
  <testcase name="@AfterMethod logout" time="0.0" classname="genericMethods.BaseClass">
    <skipped/>
  </testcase> <!-- @AfterMethod logout -->
  <testcase name="@BeforeMethod login" time="0.0" classname="genericMethods.BaseClass">
    <skipped/>
  </testcase> <!-- @BeforeMethod login -->
  <testcase name="@AfterMethod logout" time="0.0" classname="genericMethods.BaseClass">
    <skipped/>
  </testcase> <!-- @AfterMethod logout -->
  <testcase name="@BeforeMethod login" time="0.0" classname="genericMethods.BaseClass">
    <skipped/>
  </testcase> <!-- @BeforeMethod login -->
  <testcase name="@AfterMethod logout" time="0.0" classname="genericMethods.BaseClass">
    <skipped/>
  </testcase> <!-- @AfterMethod logout -->
  <testcase name="@BeforeMethod login" time="0.0" classname="genericMethods.BaseClass">
    <skipped/>
  </testcase> <!-- @BeforeMethod login -->
  <testcase name="@AfterMethod logout" time="0.0" classname="genericMethods.BaseClass">
    <skipped/>
  </testcase> <!-- @AfterMethod logout -->
  <testcase name="verify_the_Mandatory_fields" time="0.0" classname="testPackage.TestClass">
    <skipped/>
  </testcase> <!-- verify_the_Mandatory_fields -->
  <testcase name="verify_MaxLength_of_Title_and_Sku_fields" time="0.0" classname="testPackage.TestClass">
    <skipped/>
  </testcase> <!-- verify_MaxLength_of_Title_and_Sku_fields -->
  <testcase name="verify_Product_Creation" time="0.0" classname="testPackage.TestClass">
    <skipped/>
  </testcase> <!-- verify_Product_Creation -->
  <testcase name="verify_Unique_Fields" time="0.0" classname="testPackage.TestClass">
    <skipped/>
  </testcase> <!-- verify_Unique_Fields -->
  <testcase name="verify_searching_Product" time="0.0" classname="testPackage.TestClass">
    <skipped/>
  </testcase> <!-- verify_searching_Product -->
  <testcase name="verify_Product_Updation" time="0.0" classname="testPackage.TestClass">
    <skipped/>
  </testcase> <!-- verify_Product_Updation -->
  <testcase name="verify_Product_Deletion" time="0.0" classname="testPackage.TestClass">
    <skipped/>
  </testcase> <!-- verify_Product_Deletion -->
</testsuite> <!-- Testing TechVerito QA Problem -->
