<?xml version="1.0" encoding="UTF-8"?>
<!-- Generated by org.testng.reporters.JUnitReportReporter -->
<testsuite skipped="7" hostname="ASUS-UX430-NG" name="testPackage.TestClass" tests="8" failures="0" timestamp="22 May 2021 03:36:40 GMT" time="13.024" errors="1">
  <testcase name="setup" time="13.024" classname="testPackage.TestClass">
    <error type="java.lang.IllegalStateException" message="The path to the driver executable must be set by the webdriver.ie.driver system property; for more information, see https://github.com/SeleniumHQ/selenium/wiki/InternetExplorerDriver. The latest version can be downloaded from http://selenium-release.storage.googleapis.com/index.html">
      <![CDATA[java.lang.IllegalStateException: The path to the driver executable must be set by the webdriver.ie.driver system property; for more information, see https://github.com/SeleniumHQ/selenium/wiki/InternetExplorerDriver. The latest version can be downloaded from http://selenium-release.storage.googleapis.com/index.html
at com.google.common.base.Preconditions.checkState(Preconditions.java:847)
at org.openqa.selenium.remote.service.DriverService.findExecutable(DriverService.java:134)
at org.openqa.selenium.ie.InternetExplorerDriverService.access$000(InternetExplorerDriverService.java:35)
at org.openqa.selenium.ie.InternetExplorerDriverService$Builder.findDefaultExecutable(InternetExplorerDriverService.java:175)
at org.openqa.selenium.remote.service.DriverService$Builder.build(DriverService.java:355)
at org.openqa.selenium.ie.InternetExplorerDriver.setupService(InternetExplorerDriver.java:281)
at org.openqa.selenium.ie.InternetExplorerDriver.<init>(InternetExplorerDriver.java:211)
at org.openqa.selenium.ie.InternetExplorerDriver.<init>(InternetExplorerDriver.java:150)
at genericMethods.LocalBrowserFactory.createInstance(LocalBrowserFactory.java:17)
at genericMethods.BaseClass.setup(BaseClass.java:23)
at sun.reflect.NativeMethodAccessorImpl.invoke0(Native Method)
at sun.reflect.NativeMethodAccessorImpl.invoke(Unknown Source)
at sun.reflect.DelegatingMethodAccessorImpl.invoke(Unknown Source)
at java.lang.reflect.Method.invoke(Unknown Source)
at org.testng.internal.MethodInvocationHelper.invokeMethod(MethodInvocationHelper.java:124)
at org.testng.internal.MethodInvocationHelper.invokeMethodConsideringTimeout(MethodInvocationHelper.java:59)
at org.testng.internal.Invoker.invokeConfigurationMethod(Invoker.java:458)
at org.testng.internal.Invoker.invokeConfigurations(Invoker.java:222)
at org.testng.internal.Invoker.invokeConfigurations(Invoker.java:142)
at org.testng.SuiteRunner.privateRun(SuiteRunner.java:401)
at org.testng.SuiteRunner.run(SuiteRunner.java:364)
at org.testng.SuiteRunnerWorker.runSuite(SuiteRunnerWorker.java:52)
at org.testng.SuiteRunnerWorker.run(SuiteRunnerWorker.java:84)
at org.testng.TestNG.runSuitesSequentially(TestNG.java:1208)
at org.testng.TestNG.runSuitesLocally(TestNG.java:1137)
at org.testng.TestNG.runSuites(TestNG.java:1049)
at org.testng.TestNG.run(TestNG.java:1017)
at org.testng.remote.AbstractRemoteTestNG.run(AbstractRemoteTestNG.java:115)
at org.testng.remote.RemoteTestNG.initAndRun(RemoteTestNG.java:251)
at org.testng.remote.RemoteTestNG.main(RemoteTestNG.java:77)
]]>
    </error>
  </testcase> <!-- setup -->
  <testcase name="verify_the_Mandatory_fields" time="0.000" classname="testPackage.TestClass">
    <skipped/>
  </testcase> <!-- verify_the_Mandatory_fields -->
  <testcase name="verify_MaxLength_of_Title_and_Sku_fields" time="0.000" classname="testPackage.TestClass">
    <skipped/>
  </testcase> <!-- verify_MaxLength_of_Title_and_Sku_fields -->
  <testcase name="verify_Product_Creation" time="0.000" classname="testPackage.TestClass">
    <skipped/>
  </testcase> <!-- verify_Product_Creation -->
  <testcase name="verify_Unique_Fields" time="0.000" classname="testPackage.TestClass">
    <skipped/>
  </testcase> <!-- verify_Unique_Fields -->
  <testcase name="verify_searching_Product" time="0.000" classname="testPackage.TestClass">
    <skipped/>
  </testcase> <!-- verify_searching_Product -->
  <testcase name="verify_Product_Updation" time="0.000" classname="testPackage.TestClass">
    <skipped/>
  </testcase> <!-- verify_Product_Updation -->
  <testcase name="verify_Product_Deletion" time="0.000" classname="testPackage.TestClass">
    <skipped/>
  </testcase> <!-- verify_Product_Deletion -->
</testsuite> <!-- testPackage.TestClass -->
