<?xml version="1.0" encoding="UTF-8"?>
<!-- Generated by org.testng.reporters.JUnitReportReporter -->
<testsuite skipped="0" hostname="ASUS-UX430-NG" name="actionsPackage.TestFunctionality" tests="2" failures="0" timestamp="21 May 2021 15:35:54 GMT" time="10.366" errors="1">
  <testcase name="verify_Product_Creation" time="6.873" classname="actionsPackage.TestFunctionality">
    <error type="org.testng.TestNGException" message="
Parameter &#039;DemoProductOne&#039; is required by @Test on method verify_Product_Creation but has not been marked @Optional or defined
in C:\Users\NIKHIL\AppData\Local\Temp\testng-eclipse-665284059\testng-customsuite.xml">
      <![CDATA[org.testng.TestNGException: 
Parameter 'DemoProductOne' is required by @Test on method verify_Product_Creation but has not been marked @Optional or defined
in C:\Users\NIKHIL\AppData\Local\Temp\testng-eclipse-665284059\testng-customsuite.xml
at org.testng.internal.Parameters.createParams(Parameters.java:290)
at org.testng.internal.Parameters.createParametersForMethod(Parameters.java:359)
at org.testng.internal.Parameters.createParameters(Parameters.java:620)
at org.testng.internal.Parameters.handleParameters(Parameters.java:769)
at org.testng.internal.ParameterHandler.handleParameters(ParameterHandler.java:49)
at org.testng.internal.ParameterHandler.createParameters(ParameterHandler.java:37)
at org.testng.internal.Invoker.invokeTestMethods(Invoker.java:924)
at org.testng.internal.TestMethodWorker.invokeTestMethods(TestMethodWorker.java:125)
at org.testng.internal.TestMethodWorker.run(TestMethodWorker.java:109)
at org.testng.TestRunner.privateRun(TestRunner.java:648)
at org.testng.TestRunner.run(TestRunner.java:505)
at org.testng.SuiteRunner.runTest(SuiteRunner.java:455)
at org.testng.SuiteRunner.runSequentially(SuiteRunner.java:450)
at org.testng.SuiteRunner.privateRun(SuiteRunner.java:415)
at org.testng.SuiteRunner.run(SuiteRunner.java:364)
at org.testng.SuiteRunnerWorker.runSuite(SuiteRunnerWorker.java:52)
at org.testng.SuiteRunnerWorker.run(SuiteRunnerWorker.java:84)
at org.testng.TestNG.runSuitesSequentially(TestNG.java:1208)
at org.testng.TestNG.runSuitesLocally(TestNG.java:1137)
at org.testng.TestNG.runSuites(TestNG.java:1049)
at org.testng.TestNG.run(TestNG.java:1017)
at org.testng.remote.AbstractRemoteTestNG.run(AbstractRemoteTestNG.java:115)
at org.testng.remote.RemoteTestNG.initAndRun(RemoteTestNG.java:251)
at org.testng.remote.RemoteTestNG.main(RemoteTestNG.java:77)
]]>
    </error>
  </testcase> <!-- verify_Product_Creation -->
  <testcase name="verify_Unique_Fields" time="3.493" classname="actionsPackage.TestFunctionality"/>
</testsuite> <!-- actionsPackage.TestFunctionality -->
